[2014-03-14 20:52:10] ExtensionTest::testExtensionAddsServices.ALERT: Use of undefined constant APP_DIR - assumed 'APP_DIR' [] []
[2014-03-14 20:52:10] ExtensionTest::testExtensionAddsServices.INFO: # ERROR # [] []
[2014-03-14 20:52:10] ExtensionTest::testExtensionAddsServices.INFO: PASSED [] []
[2014-03-14 20:52:59] ExtensionTest::testExtensionAddsServices.ALERT: Service 'themes.themeLoader' not found. [] []
[2014-03-14 20:52:59] ExtensionTest::testExtensionAddsServices.INFO: # ERROR # [] []
[2014-03-14 20:52:59] ExtensionTest::testExtensionAddsServices.INFO: PASSED [] []
[2014-03-14 21:07:32] ExtensionTest::testExtensionAddsServices.ALERT: Service 'themes.themeLoader' not found. [] []
[2014-03-14 21:07:32] ExtensionTest::testExtensionAddsServices.INFO: # ERROR # [] []
[2014-03-14 21:07:32] ExtensionTest::testExtensionAddsServices.INFO: PASSED [] []
[2014-03-14 21:07:47] ExtensionTest::testExtensionAddsServices.INFO: PASSED [] []
[2014-03-14 21:12:36] ExtensionTest::testExtensionAddsServices.INFO: PASSED [] []
[2014-03-14 21:13:19] ExtensionTest::testExtensionAddsServices.INFO: PASSED [] []
[2014-03-14 21:15:30] ExtensionTest::testExtensionAddsServices.INFO: PASSED [] []
[2014-03-14 21:20:56] ExtensionTest::testExtensionAddsServices.ALERT: Use of undefined constant DS - assumed 'DS' [] []
[2014-03-14 21:20:56] ExtensionTest::testExtensionAddsServices.INFO: # ERROR # [] []
[2014-03-14 21:20:56] ExtensionTest::testExtensionAddsServices.INFO: PASSED [] []
[2014-03-14 21:21:32] ExtensionTest::testExtensionAddsServices.INFO: PASSED [] []
[2014-03-14 21:24:23] ExtensionTest::testExtensionAddsServices.INFO: PASSED [] []
[2014-03-14 21:24:23] ThemesLoaderTest::testItListensCorrectEvents.INFO: PASSED [] []
[2014-03-14 21:24:23] ThemesLoaderTest::testItLoadsFrontendTheme.INFO: PASSED [] []
[2014-03-14 21:25:31] ExtensionTest::testExtensionAddsServices.INFO: PASSED [] []
[2014-03-14 21:25:31] ThemesLoaderTest::testItListensCorrectEvents.INFO: PASSED [] []
[2014-03-14 21:25:31] ThemesLoaderTest::testItLoadsFrontendTheme.ALERT: Failed asserting that two objects are equal. [] []
[2014-03-14 21:25:31] ThemesLoaderTest::testItLoadsFrontendTheme.INFO: # FAILED # [] []
[2014-03-14 21:25:31] ThemesLoaderTest::testItLoadsFrontendTheme.INFO: PASSED [] []
[2014-03-14 21:27:18] ExtensionTest::testExtensionAddsServices.INFO: PASSED [] []
[2014-03-14 21:27:18] ThemesLoaderTest::testItListensCorrectEvents.INFO: PASSED [] []
[2014-03-14 21:27:18] ThemesLoaderTest::testItLoadsFrontendTheme.ALERT: Failed asserting that two objects are equal. [] []
[2014-03-14 21:27:18] ThemesLoaderTest::testItLoadsFrontendTheme.INFO: # FAILED # [] []
[2014-03-14 21:27:18] ThemesLoaderTest::testItLoadsFrontendTheme.INFO: PASSED [] []
[2014-03-14 21:28:02] ExtensionTest::testExtensionAddsServices.INFO: PASSED [] []
[2014-03-14 21:28:02] ThemesLoaderTest::testItListensCorrectEvents.INFO: PASSED [] []
[2014-03-14 21:28:02] ThemesLoaderTest::testItLoadsFrontendTheme.ALERT: Failed asserting that two objects are equal. [] []
[2014-03-14 21:28:02] ThemesLoaderTest::testItLoadsFrontendTheme.INFO: # FAILED # [] []
[2014-03-14 21:28:02] ThemesLoaderTest::testItLoadsFrontendTheme.INFO: PASSED [] []
[2014-03-14 21:28:58] ExtensionTest::testExtensionAddsServices.INFO: PASSED [] []
[2014-03-14 21:28:58] ThemesLoaderTest::testItListensCorrectEvents.INFO: PASSED [] []
[2014-03-14 21:28:58] ThemesLoaderTest::testItLoadsFrontendTheme.INFO: PASSED [] []
[2014-03-14 21:29:51] ExtensionTest::testExtensionAddsServices.INFO: PASSED [] []
[2014-03-14 21:29:51] ThemesLoaderTest::testItListensCorrectEvents.INFO: PASSED [] []
[2014-03-14 21:29:51] ThemesLoaderTest::testItLoadsFrontendTheme.INFO: PASSED [] []
[2014-03-14 21:29:51] ThemesLoaderTest::testItLoadsBackendTheme.INFO: PASSED [] []
[2014-03-14 21:31:09] ExtensionTest::testExtensionAddsServices.INFO: PASSED [] []
[2014-03-14 21:31:09] ThemesLoaderTest::testItListensCorrectEvents.INFO: PASSED [] []
[2014-03-14 21:31:09] ThemesLoaderTest::testItLoadsFrontendTheme.INFO: PASSED [] []
[2014-03-14 21:31:09] ThemesLoaderTest::testItLoadsBackendTheme.INFO: PASSED [] []
[2014-03-14 21:31:09] ThemesLoaderTest::testItThrowsExceptionOnUnknownTheme.INFO: PASSED [] []
[2014-03-14 21:35:10] ExtensionTest::testExtensionAddsServices.INFO: PASSED [] []
[2014-03-14 21:35:10] ThemesLoaderTest::testItListensCorrectEvents.INFO: PASSED [] []
[2014-03-14 21:35:10] ThemesLoaderTest::testItLoadsFrontendTheme.INFO: PASSED [] []
[2014-03-14 21:35:10] ThemesLoaderTest::testItLoadsBackendTheme.INFO: PASSED [] []
[2014-03-14 21:35:10] ThemesLoaderTest::testItThrowsExceptionOnUnknownTheme.INFO: PASSED [] []
[2014-03-14 21:35:10] ThemesLoaderTest::testItAddsPropertiesToTemplate.ALERT: The variable 'basePath' does not exist in template. [] []
[2014-03-14 21:35:10] ThemesLoaderTest::testItAddsPropertiesToTemplate.INFO: # ERROR # [] []
[2014-03-14 21:35:10] ThemesLoaderTest::testItAddsPropertiesToTemplate.INFO: PASSED [] []
[2014-03-14 21:35:44] ExtensionTest::testExtensionAddsServices.INFO: PASSED [] []
[2014-03-14 21:35:44] ThemesLoaderTest::testItListensCorrectEvents.INFO: PASSED [] []
[2014-03-14 21:35:44] ThemesLoaderTest::testItLoadsFrontendTheme.INFO: PASSED [] []
[2014-03-14 21:35:44] ThemesLoaderTest::testItLoadsBackendTheme.INFO: PASSED [] []
[2014-03-14 21:35:44] ThemesLoaderTest::testItThrowsExceptionOnUnknownTheme.INFO: PASSED [] []
[2014-03-14 21:35:44] ThemesLoaderTest::testItAddsPropertiesToTemplate.ALERT: Failed asserting that object of class "Nette\Templating\Template" has attribute "theme". [] []
[2014-03-14 21:35:44] ThemesLoaderTest::testItAddsPropertiesToTemplate.INFO: # FAILED # [] []
[2014-03-14 21:35:44] ThemesLoaderTest::testItAddsPropertiesToTemplate.INFO: PASSED [] []
[2014-03-14 21:36:55] ExtensionTest::testExtensionAddsServices.INFO: PASSED [] []
[2014-03-14 21:36:55] ThemesLoaderTest::testItListensCorrectEvents.INFO: PASSED [] []
[2014-03-14 21:36:55] ThemesLoaderTest::testItLoadsFrontendTheme.INFO: PASSED [] []
[2014-03-14 21:36:56] ThemesLoaderTest::testItLoadsBackendTheme.INFO: PASSED [] []
[2014-03-14 21:36:56] ThemesLoaderTest::testItThrowsExceptionOnUnknownTheme.INFO: PASSED [] []
[2014-03-14 21:36:56] ThemesLoaderTest::testItAddsPropertiesToTemplate.INFO: PASSED [] []
[2014-03-14 21:41:17] ExtensionTest::testExtensionAddsServices.INFO: PASSED [] []
[2014-03-14 21:41:17] ThemesLoaderTest::testItListensCorrectEvents.INFO: PASSED [] []
[2014-03-14 21:41:17] ThemesLoaderTest::testItLoadsFrontendTheme.INFO: PASSED [] []
[2014-03-14 21:41:17] ThemesLoaderTest::testItLoadsBackendTheme.INFO: PASSED [] []
[2014-03-14 21:41:17] ThemesLoaderTest::testItThrowsExceptionOnUnknownTheme.INFO: PASSED [] []
[2014-03-14 21:41:17] ThemesLoaderTest::testItAddsPropertiesToTemplate.INFO: PASSED [] []
[2014-03-14 21:41:17] ThemesLoaderTest::testItAddsTemplates.ALERT: Expectation failed for method name is equal to <string:addTemplate> when invoked 2 time(s).
Method was expected to be called 2 times, actually called 0 times. [] []
[2014-03-14 21:41:17] ThemesLoaderTest::testItAddsTemplates.INFO: # FAILED # [] []
[2014-03-14 21:41:17] ThemesLoaderTest::testItAddsTemplates.INFO: PASSED [] []
[2014-03-14 21:41:58] ExtensionTest::testExtensionAddsServices.INFO: PASSED [] []
[2014-03-14 21:41:58] ThemesLoaderTest::testItListensCorrectEvents.INFO: PASSED [] []
[2014-03-14 21:41:58] ThemesLoaderTest::testItLoadsFrontendTheme.INFO: PASSED [] []
[2014-03-14 21:41:58] ThemesLoaderTest::testItLoadsBackendTheme.INFO: PASSED [] []
[2014-03-14 21:41:58] ThemesLoaderTest::testItThrowsExceptionOnUnknownTheme.INFO: PASSED [] []
[2014-03-14 21:41:58] ThemesLoaderTest::testItAddsPropertiesToTemplate.INFO: PASSED [] []
[2014-03-14 21:41:58] ThemesLoaderTest::testItAddsTemplates.INFO: PASSED [] []
[2014-03-14 21:42:43] ExtensionTest::testExtensionAddsServices.INFO: PASSED [] []
[2014-03-14 21:42:43] ThemesLoaderTest::testItListensCorrectEvents.INFO: PASSED [] []
[2014-03-14 21:42:43] ThemesLoaderTest::testItLoadsFrontendTheme.INFO: PASSED [] []
[2014-03-14 21:42:43] ThemesLoaderTest::testItLoadsBackendTheme.INFO: PASSED [] []
[2014-03-14 21:42:43] ThemesLoaderTest::testItThrowsExceptionOnUnknownTheme.INFO: PASSED [] []
[2014-03-14 21:42:43] ThemesLoaderTest::testItAddsPropertiesToTemplate.INFO: PASSED [] []
[2014-03-14 21:42:43] ThemesLoaderTest::testItAddsTemplates.INFO: PASSED [] []
[2014-03-14 21:42:43] ThemesLoaderTest::testItAddsLayouts.INFO: PASSED [] []
[2014-03-14 21:43:19] ExtensionTest::testExtensionAddsServices.INFO: PASSED [] []
[2014-03-14 21:43:19] ThemesLoaderTest::testItListensCorrectEvents.INFO: PASSED [] []
[2014-03-14 21:43:19] ThemesLoaderTest::testItLoadsFrontendTheme.INFO: PASSED [] []
[2014-03-14 21:43:19] ThemesLoaderTest::testItLoadsBackendTheme.INFO: PASSED [] []
[2014-03-14 21:43:19] ThemesLoaderTest::testItThrowsExceptionOnUnknownTheme.INFO: PASSED [] []
[2014-03-14 21:43:19] ThemesLoaderTest::testItAddsPropertiesToTemplate.INFO: PASSED [] []
[2014-03-14 21:43:19] ThemesLoaderTest::testItAddsTemplates.INFO: PASSED [] []
[2014-03-14 21:43:20] ThemesLoaderTest::testItAddsLayouts.INFO: PASSED [] []
[2014-03-14 21:45:04] ExtensionTest::testExtensionAddsServices.INFO: PASSED [] []
[2014-03-14 21:45:04] ThemesLoaderTest::testItListensCorrectEvents.INFO: PASSED [] []
[2014-03-14 21:45:04] ThemesLoaderTest::testItLoadsFrontendTheme.INFO: PASSED [] []
[2014-03-14 21:45:04] ThemesLoaderTest::testItLoadsBackendTheme.INFO: PASSED [] []
[2014-03-14 21:45:04] ThemesLoaderTest::testItThrowsExceptionOnUnknownTheme.INFO: PASSED [] []
[2014-03-14 21:45:04] ThemesLoaderTest::testItAddsPropertiesToTemplate.INFO: PASSED [] []
[2014-03-14 21:45:04] ThemesLoaderTest::testItAddsTemplates.INFO: PASSED [] []
[2014-03-14 21:45:04] ThemesLoaderTest::testItAddsLayouts.INFO: PASSED [] []
[2014-03-14 21:45:04] ThemesLoaderTest::testItDoesNothingWhenNoThemeIsSet.ALERT: The variable 'theme' does not exist in template. [] []
[2014-03-14 21:45:04] ThemesLoaderTest::testItDoesNothingWhenNoThemeIsSet.INFO: # ERROR # [] []
[2014-03-14 21:45:04] ThemesLoaderTest::testItDoesNothingWhenNoThemeIsSet.INFO: PASSED [] []
[2014-03-14 21:45:33] ExtensionTest::testExtensionAddsServices.INFO: PASSED [] []
[2014-03-14 21:45:33] ThemesLoaderTest::testItListensCorrectEvents.INFO: PASSED [] []
[2014-03-14 21:45:33] ThemesLoaderTest::testItLoadsFrontendTheme.INFO: PASSED [] []
[2014-03-14 21:45:33] ThemesLoaderTest::testItLoadsBackendTheme.INFO: PASSED [] []
[2014-03-14 21:45:33] ThemesLoaderTest::testItThrowsExceptionOnUnknownTheme.INFO: PASSED [] []
[2014-03-14 21:45:33] ThemesLoaderTest::testItAddsPropertiesToTemplate.INFO: PASSED [] []
[2014-03-14 21:45:33] ThemesLoaderTest::testItAddsTemplates.INFO: PASSED [] []
[2014-03-14 21:45:33] ThemesLoaderTest::testItAddsLayouts.INFO: PASSED [] []
[2014-03-14 21:45:33] ThemesLoaderTest::testItDoesNothingWhenNoThemeIsSet.INFO: PASSED [] []
[2014-03-14 21:47:06] ExtensionTest::testExtensionAddsServices.INFO: PASSED [] []
[2014-03-14 21:47:06] ThemesLoaderTest::testItListensCorrectEvents.INFO: PASSED [] []
[2014-03-14 21:47:06] ThemesLoaderTest::testItLoadsFrontendTheme.INFO: PASSED [] []
[2014-03-14 21:47:06] ThemesLoaderTest::testItLoadsBackendTheme.INFO: PASSED [] []
[2014-03-14 21:47:06] ThemesLoaderTest::testItThrowsExceptionOnUnknownTheme.INFO: PASSED [] []
[2014-03-14 21:47:06] ThemesLoaderTest::testItAddsPropertiesToTemplate.INFO: PASSED [] []
[2014-03-14 21:47:06] ThemesLoaderTest::testItAddsTemplates.INFO: PASSED [] []
[2014-03-14 21:47:06] ThemesLoaderTest::testItAddsLayouts.INFO: PASSED [] []
[2014-03-14 21:47:06] ThemesLoaderTest::testItDoesNothingWhenNoThemeIsSet.INFO: PASSED [] []
[2014-03-14 21:49:26] ExtensionTest::testExtensionAddsServices.INFO: PASSED [] []
[2014-03-14 21:49:26] ThemesLoaderTest::testItListensCorrectEvents.INFO: PASSED [] []
[2014-03-14 21:49:26] ThemesLoaderTest::testItLoadsFrontendTheme.INFO: PASSED [] []
[2014-03-14 21:49:26] ThemesLoaderTest::testItLoadsBackendTheme.INFO: PASSED [] []
[2014-03-14 21:49:26] ThemesLoaderTest::testItThrowsExceptionOnUnknownTheme.INFO: PASSED [] []
[2014-03-14 21:49:26] ThemesLoaderTest::testItAddsPropertiesToTemplate.INFO: PASSED [] []
[2014-03-14 21:49:26] ThemesLoaderTest::testItAddsTemplates.INFO: PASSED [] []
[2014-03-14 21:49:26] ThemesLoaderTest::testItAddsLayouts.INFO: PASSED [] []
[2014-03-14 21:49:26] ThemesLoaderTest::testItDoesNothingWhenNoThemeIsSet.INFO: PASSED [] []
[2014-03-14 21:52:16] ExtensionTest::testExtensionAddsServices.INFO: PASSED [] []
[2014-03-14 21:52:16] ThemesLoaderTest::testItListensCorrectEvents.INFO: PASSED [] []
[2014-03-14 21:52:16] ThemesLoaderTest::testItLoadsFrontendTheme.INFO: PASSED [] []
[2014-03-14 21:52:16] ThemesLoaderTest::testItLoadsBackendTheme.INFO: PASSED [] []
[2014-03-14 21:52:16] ThemesLoaderTest::testItThrowsExceptionOnUnknownTheme.INFO: PASSED [] []
[2014-03-14 21:52:16] ThemesLoaderTest::testItAddsPropertiesToTemplate.INFO: PASSED [] []
[2014-03-14 21:52:16] ThemesLoaderTest::testItAddsTemplates.INFO: PASSED [] []
[2014-03-14 21:52:16] ThemesLoaderTest::testItAddsLayouts.INFO: PASSED [] []
[2014-03-14 21:52:16] ThemesLoaderTest::testItDoesNothingWhenNoThemeIsSet.INFO: PASSED [] []
[2014-03-14 21:52:16] ThemesLoaderTest::testItLoadsComponentsTemplate.ALERT: Failed asserting that two strings are equal. [] []
[2014-03-14 21:52:16] ThemesLoaderTest::testItLoadsComponentsTemplate.INFO: # FAILED # [] []
[2014-03-14 21:52:16] ThemesLoaderTest::testItLoadsComponentsTemplate.INFO: PASSED [] []
[2014-03-14 21:52:45] ExtensionTest::testExtensionAddsServices.INFO: PASSED [] []
[2014-03-14 21:52:45] ThemesLoaderTest::testItListensCorrectEvents.INFO: PASSED [] []
[2014-03-14 21:52:45] ThemesLoaderTest::testItLoadsFrontendTheme.INFO: PASSED [] []
[2014-03-14 21:52:45] ThemesLoaderTest::testItLoadsBackendTheme.INFO: PASSED [] []
[2014-03-14 21:52:45] ThemesLoaderTest::testItThrowsExceptionOnUnknownTheme.INFO: PASSED [] []
[2014-03-14 21:52:45] ThemesLoaderTest::testItAddsPropertiesToTemplate.INFO: PASSED [] []
[2014-03-14 21:52:45] ThemesLoaderTest::testItAddsTemplates.INFO: PASSED [] []
[2014-03-14 21:52:45] ThemesLoaderTest::testItAddsLayouts.INFO: PASSED [] []
[2014-03-14 21:52:45] ThemesLoaderTest::testItDoesNothingWhenNoThemeIsSet.INFO: PASSED [] []
[2014-03-14 21:52:45] ThemesLoaderTest::testItLoadsComponentsTemplate.INFO: PASSED [] []
[2014-03-14 21:53:37] ExtensionTest::testExtensionAddsServices.INFO: PASSED [] []
[2014-03-14 21:53:37] ThemesLoaderTest::testItListensCorrectEvents.INFO: PASSED [] []
[2014-03-14 21:53:37] ThemesLoaderTest::testItLoadsFrontendTheme.INFO: PASSED [] []
[2014-03-14 21:53:37] ThemesLoaderTest::testItLoadsBackendTheme.INFO: PASSED [] []
[2014-03-14 21:53:37] ThemesLoaderTest::testItThrowsExceptionOnUnknownTheme.INFO: PASSED [] []
[2014-03-14 21:53:37] ThemesLoaderTest::testItAddsPropertiesToTemplate.INFO: PASSED [] []
[2014-03-14 21:53:38] ThemesLoaderTest::testItAddsTemplates.INFO: PASSED [] []
[2014-03-14 21:53:38] ThemesLoaderTest::testItAddsLayouts.INFO: PASSED [] []
[2014-03-14 21:53:38] ThemesLoaderTest::testItDoesNothingWhenNoThemeIsSet.INFO: PASSED [] []
[2014-03-14 21:53:38] ThemesLoaderTest::testItLoadsComponentsTemplate.INFO: PASSED [] []
[2014-03-14 21:55:14] ExtensionTest::testExtensionAddsServices.INFO: PASSED [] []
[2014-03-14 21:55:14] ThemesLoaderTest::testItListensCorrectEvents.INFO: PASSED [] []
[2014-03-14 21:55:14] ThemesLoaderTest::testItLoadsFrontendTheme.INFO: PASSED [] []
[2014-03-14 21:55:14] ThemesLoaderTest::testItLoadsBackendTheme.INFO: PASSED [] []
[2014-03-14 21:55:14] ThemesLoaderTest::testItThrowsExceptionOnUnknownTheme.INFO: PASSED [] []
[2014-03-14 21:55:14] ThemesLoaderTest::testItAddsPropertiesToTemplate.INFO: PASSED [] []
[2014-03-14 21:55:14] ThemesLoaderTest::testItAddsTemplates.INFO: PASSED [] []
[2014-03-14 21:55:14] ThemesLoaderTest::testItAddsLayouts.INFO: PASSED [] []
[2014-03-14 21:55:14] ThemesLoaderTest::testItDoesNothingWhenNoThemeIsSet.INFO: PASSED [] []
[2014-03-14 21:55:14] ThemesLoaderTest::testItLoadsComponentsTemplate.INFO: PASSED [] []
[2014-03-14 21:55:36] ExtensionTest::testExtensionAddsServices.INFO: PASSED [] []
[2014-03-14 21:55:36] ThemesLoaderTest::testItListensCorrectEvents.INFO: PASSED [] []
[2014-03-14 21:55:36] ThemesLoaderTest::testItLoadsFrontendTheme.INFO: PASSED [] []
[2014-03-14 21:55:36] ThemesLoaderTest::testItLoadsBackendTheme.ALERT: Failed asserting that false is true. [] []
[2014-03-14 21:55:36] ThemesLoaderTest::testItLoadsBackendTheme.INFO: # FAILED # [] []
[2014-03-14 21:55:36] ThemesLoaderTest::testItLoadsBackendTheme.INFO: PASSED [] []
[2014-03-14 21:55:36] ThemesLoaderTest::testItThrowsExceptionOnUnknownTheme.INFO: PASSED [] []
[2014-03-14 21:55:36] ThemesLoaderTest::testItAddsPropertiesToTemplate.INFO: PASSED [] []
[2014-03-14 21:55:36] ThemesLoaderTest::testItAddsTemplates.INFO: PASSED [] []
[2014-03-14 21:55:36] ThemesLoaderTest::testItAddsLayouts.INFO: PASSED [] []
[2014-03-14 21:55:36] ThemesLoaderTest::testItDoesNothingWhenNoThemeIsSet.INFO: PASSED [] []
[2014-03-14 21:55:36] ThemesLoaderTest::testItLoadsComponentsTemplate.INFO: PASSED [] []
[2014-03-14 21:56:38] ExtensionTest::testExtensionAddsServices.INFO: PASSED [] []
[2014-03-14 21:56:38] ThemesLoaderTest::testItListensCorrectEvents.INFO: PASSED [] []
[2014-03-14 21:56:38] ThemesLoaderTest::testItLoadsFrontendTheme.INFO: PASSED [] []
[2014-03-14 21:56:38] ThemesLoaderTest::testItLoadsBackendTheme.INFO: PASSED [] []
[2014-03-14 21:56:38] ThemesLoaderTest::testItThrowsExceptionOnUnknownTheme.INFO: PASSED [] []
[2014-03-14 21:56:38] ThemesLoaderTest::testItAddsPropertiesToTemplate.INFO: PASSED [] []
[2014-03-14 21:56:38] ThemesLoaderTest::testItAddsTemplates.INFO: PASSED [] []
[2014-03-14 21:56:38] ThemesLoaderTest::testItAddsLayouts.INFO: PASSED [] []
[2014-03-14 21:56:38] ThemesLoaderTest::testItDoesNothingWhenNoThemeIsSet.INFO: PASSED [] []
[2014-03-14 21:56:38] ThemesLoaderTest::testItLoadsComponentsTemplate.INFO: PASSED [] []
[2014-03-14 21:57:13] ExtensionTest::testExtensionAddsServices.INFO: PASSED [] []
[2014-03-14 21:57:13] ThemesLoaderTest::testItListensCorrectEvents.INFO: PASSED [] []
[2014-03-14 21:57:13] ThemesLoaderTest::testItLoadsFrontendTheme.INFO: PASSED [] []
[2014-03-14 21:57:13] ThemesLoaderTest::testItLoadsBackendTheme.INFO: PASSED [] []
[2014-03-14 21:57:13] ThemesLoaderTest::testItThrowsExceptionOnUnknownTheme.INFO: PASSED [] []
[2014-03-14 21:57:13] ThemesLoaderTest::testItAddsPropertiesToTemplate.INFO: PASSED [] []
[2014-03-14 21:57:13] ThemesLoaderTest::testItAddsTemplates.INFO: PASSED [] []
[2014-03-14 21:57:13] ThemesLoaderTest::testItAddsLayouts.INFO: PASSED [] []
[2014-03-14 21:57:13] ThemesLoaderTest::testItDoesNothingWhenNoThemeIsSet.INFO: PASSED [] []
[2014-03-14 21:57:13] ThemesLoaderTest::testItLoadsComponentsTemplate.INFO: PASSED [] []
[2014-03-14 22:09:49] ExtensionTest::testExtensionAddsServices.INFO: PASSED [] []
[2014-03-14 22:09:49] ThemeTest::testThemeReturnsItsName.INFO: PASSED [] []
[2014-03-14 22:09:49] ThemeTest::testThemeReturnsItsVersion.ALERT: Failed asserting that 0.1 is identical to '0.1'. [] []
[2014-03-14 22:09:49] ThemeTest::testThemeReturnsItsVersion.INFO: # FAILED # [] []
[2014-03-14 22:09:49] ThemeTest::testThemeReturnsItsVersion.INFO: PASSED [] []
[2014-03-14 22:09:49] ThemeTest::testThemeReturnsItsAuthor.INFO: PASSED [] []
[2014-03-14 22:09:49] ThemeTest::testThemeReturnsItsPath.INFO: PASSED [] []
[2014-03-14 22:09:49] ThemeTest::testThemeReturnsItsRelativePath.ALERT: Failed asserting that two strings are identical. [] []
[2014-03-14 22:09:49] ThemeTest::testThemeReturnsItsRelativePath.INFO: # FAILED # [] []
[2014-03-14 22:09:49] ThemeTest::testThemeReturnsItsRelativePath.INFO: PASSED [] []
[2014-03-14 22:09:49] ThemeTest::testCheckWorks.INFO: PASSED [] []
[2014-03-14 22:09:49] ThemesLoaderTest::testItListensCorrectEvents.INFO: PASSED [] []
[2014-03-14 22:09:49] ThemesLoaderTest::testItLoadsFrontendTheme.INFO: PASSED [] []
[2014-03-14 22:09:49] ThemesLoaderTest::testItLoadsBackendTheme.INFO: PASSED [] []
[2014-03-14 22:09:49] ThemesLoaderTest::testItThrowsExceptionOnUnknownTheme.INFO: PASSED [] []
[2014-03-14 22:09:49] ThemesLoaderTest::testItAddsPropertiesToTemplate.INFO: PASSED [] []
[2014-03-14 22:09:49] ThemesLoaderTest::testItAddsTemplates.INFO: PASSED [] []
[2014-03-14 22:09:49] ThemesLoaderTest::testItAddsLayouts.INFO: PASSED [] []
[2014-03-14 22:09:49] ThemesLoaderTest::testItDoesNothingWhenNoThemeIsSet.INFO: PASSED [] []
[2014-03-14 22:09:49] ThemesLoaderTest::testItLoadsComponentsTemplate.INFO: PASSED [] []
[2014-03-14 22:19:26] ExtensionTest::testExtensionAddsServices.INFO: PASSED [] []
[2014-03-14 22:19:26] ThemeTest::testThemeReturnsItsName.INFO: PASSED [] []
[2014-03-14 22:19:26] ThemeTest::testThemeReturnsItsVersion.INFO: PASSED [] []
[2014-03-14 22:19:26] ThemeTest::testThemeReturnsItsAuthor.INFO: PASSED [] []
[2014-03-14 22:19:26] ThemeTest::testThemeReturnsItsPath.INFO: PASSED [] []
[2014-03-14 22:19:26] ThemeTest::testThemeReturnsItsRelativePath.ALERT: Failed asserting that two strings are identical. [] []
[2014-03-14 22:19:26] ThemeTest::testThemeReturnsItsRelativePath.INFO: # FAILED # [] []
[2014-03-14 22:19:26] ThemeTest::testThemeReturnsItsRelativePath.INFO: PASSED [] []
[2014-03-14 22:19:26] ThemeTest::testCheckWorks.INFO: PASSED [] []
[2014-03-14 22:19:26] ThemesLoaderTest::testItListensCorrectEvents.INFO: PASSED [] []
[2014-03-14 22:19:26] ThemesLoaderTest::testItLoadsFrontendTheme.INFO: PASSED [] []
[2014-03-14 22:19:26] ThemesLoaderTest::testItLoadsBackendTheme.INFO: PASSED [] []
[2014-03-14 22:19:26] ThemesLoaderTest::testItThrowsExceptionOnUnknownTheme.INFO: PASSED [] []
[2014-03-14 22:19:26] ThemesLoaderTest::testItAddsPropertiesToTemplate.INFO: PASSED [] []
[2014-03-14 22:19:26] ThemesLoaderTest::testItAddsTemplates.INFO: PASSED [] []
[2014-03-14 22:19:26] ThemesLoaderTest::testItAddsLayouts.INFO: PASSED [] []
[2014-03-14 22:19:26] ThemesLoaderTest::testItDoesNothingWhenNoThemeIsSet.INFO: PASSED [] []
[2014-03-14 22:19:27] ThemesLoaderTest::testItLoadsComponentsTemplate.INFO: PASSED [] []
[2014-03-14 22:19:41] ExtensionTest::testExtensionAddsServices.INFO: PASSED [] []
[2014-03-14 22:19:41] ThemeTest::testThemeReturnsItsName.INFO: PASSED [] []
[2014-03-14 22:19:41] ThemeTest::testThemeReturnsItsVersion.INFO: PASSED [] []
[2014-03-14 22:19:41] ThemeTest::testThemeReturnsItsAuthor.INFO: PASSED [] []
[2014-03-14 22:19:41] ThemeTest::testThemeReturnsItsPath.INFO: PASSED [] []
[2014-03-14 22:19:41] ThemeTest::testThemeReturnsItsRelativePath.INFO: PASSED [] []
[2014-03-14 22:19:41] ThemeTest::testCheckWorks.INFO: PASSED [] []
[2014-03-14 22:19:41] ThemesLoaderTest::testItListensCorrectEvents.INFO: PASSED [] []
[2014-03-14 22:19:41] ThemesLoaderTest::testItLoadsFrontendTheme.INFO: PASSED [] []
[2014-03-14 22:19:41] ThemesLoaderTest::testItLoadsBackendTheme.INFO: PASSED [] []
[2014-03-14 22:19:41] ThemesLoaderTest::testItThrowsExceptionOnUnknownTheme.INFO: PASSED [] []
[2014-03-14 22:19:41] ThemesLoaderTest::testItAddsPropertiesToTemplate.INFO: PASSED [] []
[2014-03-14 22:19:41] ThemesLoaderTest::testItAddsTemplates.INFO: PASSED [] []
[2014-03-14 22:19:41] ThemesLoaderTest::testItAddsLayouts.INFO: PASSED [] []
[2014-03-14 22:19:41] ThemesLoaderTest::testItDoesNothingWhenNoThemeIsSet.INFO: PASSED [] []
[2014-03-14 22:19:41] ThemesLoaderTest::testItLoadsComponentsTemplate.INFO: PASSED [] []
[2014-03-14 22:20:19] ExtensionTest::testExtensionAddsServices.INFO: PASSED [] []
[2014-03-14 22:20:19] ThemeTest::testThemeReturnsItsName.INFO: PASSED [] []
[2014-03-14 22:20:19] ThemeTest::testThemeReturnsItsVersion.INFO: PASSED [] []
[2014-03-14 22:20:19] ThemeTest::testThemeReturnsItsAuthor.INFO: PASSED [] []
[2014-03-14 22:20:19] ThemeTest::testThemeReturnsItsScripts.INFO: PASSED [] []
[2014-03-14 22:20:19] ThemeTest::testThemeReturnsItsStyles.INFO: PASSED [] []
[2014-03-14 22:20:19] ThemeTest::testThemeReturnsItsDependencies.ALERT: Failed asserting that Array (
    'TwitterBootstrap' => Array (
        'version' => '3'
    )
) is identical to Array (
    'TwitterBootstrap' => Array (
        'version' => 3
    )
). [] []
[2014-03-14 22:20:19] ThemeTest::testThemeReturnsItsDependencies.INFO: # FAILED # [] []
[2014-03-14 22:20:19] ThemeTest::testThemeReturnsItsDependencies.INFO: PASSED [] []
[2014-03-14 22:20:19] ThemeTest::testThemeReturnsItsPath.INFO: PASSED [] []
[2014-03-14 22:20:19] ThemeTest::testThemeReturnsItsRelativePath.INFO: PASSED [] []
[2014-03-14 22:20:19] ThemeTest::testCheckWorks.INFO: PASSED [] []
[2014-03-14 22:20:19] ThemesLoaderTest::testItListensCorrectEvents.INFO: PASSED [] []
[2014-03-14 22:20:19] ThemesLoaderTest::testItLoadsFrontendTheme.INFO: PASSED [] []
[2014-03-14 22:20:19] ThemesLoaderTest::testItLoadsBackendTheme.INFO: PASSED [] []
[2014-03-14 22:20:19] ThemesLoaderTest::testItThrowsExceptionOnUnknownTheme.INFO: PASSED [] []
[2014-03-14 22:20:19] ThemesLoaderTest::testItAddsPropertiesToTemplate.INFO: PASSED [] []
[2014-03-14 22:20:19] ThemesLoaderTest::testItAddsTemplates.INFO: PASSED [] []
[2014-03-14 22:20:19] ThemesLoaderTest::testItAddsLayouts.INFO: PASSED [] []
[2014-03-14 22:20:19] ThemesLoaderTest::testItDoesNothingWhenNoThemeIsSet.INFO: PASSED [] []
[2014-03-14 22:20:19] ThemesLoaderTest::testItLoadsComponentsTemplate.INFO: PASSED [] []
[2014-03-14 22:20:41] ExtensionTest::testExtensionAddsServices.INFO: PASSED [] []
[2014-03-14 22:20:41] ThemeTest::testThemeReturnsItsName.INFO: PASSED [] []
[2014-03-14 22:20:41] ThemeTest::testThemeReturnsItsVersion.INFO: PASSED [] []
[2014-03-14 22:20:41] ThemeTest::testThemeReturnsItsAuthor.INFO: PASSED [] []
[2014-03-14 22:20:41] ThemeTest::testThemeReturnsItsScripts.INFO: PASSED [] []
[2014-03-14 22:20:41] ThemeTest::testThemeReturnsItsStyles.INFO: PASSED [] []
[2014-03-14 22:20:41] ThemeTest::testThemeReturnsItsDependencies.INFO: PASSED [] []
[2014-03-14 22:20:41] ThemeTest::testThemeReturnsItsPath.INFO: PASSED [] []
[2014-03-14 22:20:41] ThemeTest::testThemeReturnsItsRelativePath.INFO: PASSED [] []
[2014-03-14 22:20:41] ThemeTest::testCheckWorks.INFO: PASSED [] []
[2014-03-14 22:20:41] ThemesLoaderTest::testItListensCorrectEvents.INFO: PASSED [] []
[2014-03-14 22:20:41] ThemesLoaderTest::testItLoadsFrontendTheme.INFO: PASSED [] []
[2014-03-14 22:20:41] ThemesLoaderTest::testItLoadsBackendTheme.INFO: PASSED [] []
[2014-03-14 22:20:41] ThemesLoaderTest::testItThrowsExceptionOnUnknownTheme.INFO: PASSED [] []
[2014-03-14 22:20:41] ThemesLoaderTest::testItAddsPropertiesToTemplate.INFO: PASSED [] []
[2014-03-14 22:20:41] ThemesLoaderTest::testItAddsTemplates.INFO: PASSED [] []
[2014-03-14 22:20:41] ThemesLoaderTest::testItAddsLayouts.INFO: PASSED [] []
[2014-03-14 22:20:41] ThemesLoaderTest::testItDoesNothingWhenNoThemeIsSet.INFO: PASSED [] []
[2014-03-14 22:20:41] ThemesLoaderTest::testItLoadsComponentsTemplate.INFO: PASSED [] []
